<?xml version="1.0" encoding="UTF-8" ?>
<testsuites errors="1"
            failures="1"
            tests="1">

  <testsuite name="mobi.spec"
    errors="1" failures="1" hostname="" id="" package="mobi.spec" skipped="0"
    tests="1" time="13.81" timestamp="">
  
    <testcase name="Smoke test Mobi" classname="mobi.spec" time="13.81" assertions="2">

      <failure message="Testing if element &lt;.sidebar .current-user-box .user-title&gt; contains text: &#34;admin&#34;. Element could not be located in 1000 ms. - expected [0;32m&#34;admin&#34;[0m but got: [0;31m&#34;null&#34;[0m">    at Object.Smoke test Mobi (/Users/ben/projects/mobi/mobi-itests/itests-web/src/test/js/mobi.spec.js:33:17)
    at process._tickCallback (internal/process/next_tick.js:68:7)</failure>

    <failure message="    at Object.Smoke test Mobi (/Users/ben/projects/mobi/mobi-itests/itests-web/src/test/js/mobi.spec.js:33:17)">    at process._tickCallback (internal/process/next_tick.js:68:7)</failure>
    </testcase>
  

  

  
  </testsuite>
</testsuites>
